

SQLcl: Release 24.3 Production on Tue May 26 04:45:36 2026

Copyright (c) 1982, 2026, Oracle.  All rights reserved.

Connected.

'SUCCESS'    
____________ 
success      

Disconnected from Oracle AI Database 26ai Free Release 23.26.1.0.0 - Develop, Learn, and Run for Free
Version 23.26.1.0.0


SQLcl: Release 24.3 Production on Tue May 26 04:46:19 2026

Copyright (c) 1982, 2026, Oracle.  All rights reserved.

Connected.

USER    
_______ 
SYS     

...set_appun.sql

PL/SQL procedure successfully completed.


:CDB    
_______ 
YES     


:CDB_ROOT    
____________ 
NO           


:META_LINK    
_____________ 
NONE          

...set_ufrom_and_upgrade.sql

PL/SQL procedure successfully completed.


:SCRIPT_NAME         
____________________ 
apexins_nocdb.sql    


Session altered.


FOO3                              
_________________________________ 
install2026-05-26_04-46-25.log    

. ORACLE
.
. Oracle APEX Installation.
..........................................
.
...set_appun.sql
... Checking prerequisites (MANUAL)
.
. SYSDBA Privilege
.   pass - Connection with SYSDBA privilege.
. Database rolling upgrade
.   pass - No rolling upgrade.
. DB components
.   FAIL - This version of Oracle APEX is already installed.
.   pass - CATPROC: version=23.0.0.0.0
.   pass - XDB: version=23.0.0.0.0
. XDB
.   pass - is valid
. DB parameters
.   pass - workarea_size_policy is AUTO
. PL/SQL Web Toolkit
.   pass - version 20.0.0.0.1
. Tablespaces
.   pass - found SYSAUX
.   pass - found SYSAUX
.   pass - found TEMP
. PHASES (1,2,3)...
.   FAIL - Precondition for Phase 1 failed: APEX_240100 already exists
. 
. 2 errors occurred

declare
*
ERROR at line 1:
ORA-20001: Prerequisite checks failed; unable to proceed with APEX installation
ORA-06512: at line 339

https://docs.oracle.com/error-help/db/ora-20001/


More Details :
https://docs.oracle.com/error-help/db/ora-20001/
https://docs.oracle.com/error-help/db/ora-06512/
Disconnected from Oracle AI Database 26ai Free Release 23.26.1.0.0 - Develop, Learn, and Run for Free
Version 23.26.1.0.0
